[debug] [2022-05-03T08:54:04.297Z] ----------------------------------------------------------------------
[debug] [2022-05-03T08:54:04.299Z] Command:       /usr/local/bin/node /Users/amit/WebstormProjects/clilco-frontend/node_modules/.bin/firebase deploy --only hosting
[debug] [2022-05-03T08:54:04.299Z] CLI Version:   10.0.1
[debug] [2022-05-03T08:54:04.299Z] Platform:      darwin
[debug] [2022-05-03T08:54:04.300Z] Node Version:  v16.14.2
[debug] [2022-05-03T08:54:04.311Z] Time:          Tue May 03 2022 11:54:04 GMT+0300 (Israel Daylight Time)
[debug] [2022-05-03T08:54:04.311Z] ----------------------------------------------------------------------
[debug] 
[debug] [2022-05-03T08:54:04.315Z] >>> [apiv2][query] GET https://firebase-public.firebaseio.com/cli.json [none]
[debug] [2022-05-03T08:54:04.372Z] > command requires scopes: ["email","openid","https://www.googleapis.com/auth/cloudplatformprojects.readonly","https://www.googleapis.com/auth/firebase","https://www.googleapis.com/auth/cloud-platform"]
[debug] [2022-05-03T08:54:04.372Z] > authorizing via signed-in user (aamitbiton@gmail.com)
[debug] [2022-05-03T08:54:04.372Z] [iam] checking project clilco for permissions ["firebase.projects.get","firebasehosting.sites.update"]
[debug] [2022-05-03T08:54:04.374Z] > refreshing access token with scopes: ["email","https://www.googleapis.com/auth/cloud-platform","https://www.googleapis.com/auth/cloudplatformprojects.readonly","https://www.googleapis.com/auth/firebase","openid"]
[debug] [2022-05-03T08:54:04.374Z] >>> HTTP REQUEST POST https://www.googleapis.com/oauth2/v3/token  
 <request body omitted>
[debug] [2022-05-03T08:54:04.705Z] <<< HTTP RESPONSE 200 {"pragma":"no-cache","expires":"Mon, 01 Jan 1990 00:00:00 GMT","date":"Tue, 03 May 2022 08:54:04 GMT","cache-control":"no-cache, no-store, max-age=0, must-revalidate","content-type":"application/json; charset=utf-8","vary":"X-Origin, Referer, Origin,Accept-Encoding","server":"scaffolding on HTTPServer2","x-xss-protection":"0","x-frame-options":"SAMEORIGIN","x-content-type-options":"nosniff","alt-svc":"h3=\":443\"; ma=2592000,h3-29=\":443\"; ma=2592000,h3-Q050=\":443\"; ma=2592000,h3-Q046=\":443\"; ma=2592000,h3-Q043=\":443\"; ma=2592000,quic=\":443\"; ma=2592000; v=\"46,43\"","accept-ranges":"none","transfer-encoding":"chunked"}
[debug] [2022-05-03T08:54:04.750Z] >>> HTTP REQUEST POST https://cloudresourcemanager.googleapis.com/v1/projects/clilco:testIamPermissions  
 {"permissions":["firebase.projects.get","firebasehosting.sites.update"]}
[debug] [2022-05-03T08:54:05.050Z] <<< [apiv2][status] GET https://firebase-public.firebaseio.com/cli.json 200
[debug] [2022-05-03T08:54:05.050Z] <<< [apiv2][body] GET https://firebase-public.firebaseio.com/cli.json {"cloudBuildErrorAfter":1594252800000,"cloudBuildWarnAfter":1590019200000,"defaultNode10After":1594252800000,"minVersion":"3.0.5","node8DeploysDisabledAfter":1613390400000,"node8RuntimeDisabledAfter":1615809600000,"node8WarnAfter":1600128000000}
[debug] [2022-05-03T08:54:05.761Z] <<< HTTP RESPONSE 200 {"content-type":"application/json; charset=UTF-8","vary":"X-Origin, Referer, Origin,Accept-Encoding","date":"Tue, 03 May 2022 08:54:05 GMT","server":"ESF","cache-control":"private","x-xss-protection":"0","x-frame-options":"SAMEORIGIN","x-content-type-options":"nosniff","server-timing":"gfet4t7; dur=609","alt-svc":"h3=\":443\"; ma=2592000,h3-29=\":443\"; ma=2592000,h3-Q050=\":443\"; ma=2592000,h3-Q046=\":443\"; ma=2592000,h3-Q043=\":443\"; ma=2592000,quic=\":443\"; ma=2592000; v=\"46,43\"","accept-ranges":"none","transfer-encoding":"chunked"}
[debug] [2022-05-03T08:54:05.762Z] > refreshing access token with scopes: []
[debug] [2022-05-03T08:54:05.762Z] >>> HTTP REQUEST POST https://www.googleapis.com/oauth2/v3/token  
 <request body omitted>
[debug] [2022-05-03T08:54:06.042Z] <<< HTTP RESPONSE 200 {"date":"Tue, 03 May 2022 08:54:06 GMT","cache-control":"no-cache, no-store, max-age=0, must-revalidate","pragma":"no-cache","expires":"Mon, 01 Jan 1990 00:00:00 GMT","content-type":"application/json; charset=utf-8","vary":"X-Origin, Referer, Origin,Accept-Encoding","server":"scaffolding on HTTPServer2","x-xss-protection":"0","x-frame-options":"SAMEORIGIN","x-content-type-options":"nosniff","alt-svc":"h3=\":443\"; ma=2592000,h3-29=\":443\"; ma=2592000,h3-Q050=\":443\"; ma=2592000,h3-Q046=\":443\"; ma=2592000,h3-Q043=\":443\"; ma=2592000,quic=\":443\"; ma=2592000; v=\"46,43\"","accept-ranges":"none","transfer-encoding":"chunked"}
[debug] [2022-05-03T08:54:06.089Z] >>> [apiv2][query] GET https://firebase.googleapis.com/v1beta1/projects/clilco [none]
[debug] [2022-05-03T08:54:06.505Z] <<< [apiv2][status] GET https://firebase.googleapis.com/v1beta1/projects/clilco 200
[debug] [2022-05-03T08:54:06.505Z] <<< [apiv2][body] GET https://firebase.googleapis.com/v1beta1/projects/clilco {"projectId":"clilco","projectNumber":"826783687000","displayName":"clilco","name":"projects/clilco","resources":{"hostingSite":"clilco","storageBucket":"clilco.appspot.com","locationId":"europe-west"},"state":"ACTIVE"}
[info] 
[info] === Deploying to 'clilco'...
[info] 
[info] i  deploying hosting 
[debug] [2022-05-03T08:54:06.509Z] > refreshing access token with scopes: ["email","https://www.googleapis.com/auth/cloud-platform","https://www.googleapis.com/auth/cloudplatformprojects.readonly","https://www.googleapis.com/auth/firebase","openid"]
[debug] [2022-05-03T08:54:06.510Z] >>> HTTP REQUEST POST https://www.googleapis.com/oauth2/v3/token  
 <request body omitted>
[debug] [2022-05-03T08:54:06.829Z] <<< HTTP RESPONSE 200 {"pragma":"no-cache","cache-control":"no-cache, no-store, max-age=0, must-revalidate","date":"Tue, 03 May 2022 08:54:06 GMT","expires":"Mon, 01 Jan 1990 00:00:00 GMT","content-type":"application/json; charset=utf-8","vary":"X-Origin, Referer, Origin,Accept-Encoding","server":"scaffolding on HTTPServer2","x-xss-protection":"0","x-frame-options":"SAMEORIGIN","x-content-type-options":"nosniff","alt-svc":"h3=\":443\"; ma=2592000,h3-29=\":443\"; ma=2592000,h3-Q050=\":443\"; ma=2592000,h3-Q046=\":443\"; ma=2592000,h3-Q043=\":443\"; ma=2592000,quic=\":443\"; ma=2592000; v=\"46,43\"","accept-ranges":"none","transfer-encoding":"chunked"}
[debug] [2022-05-03T08:54:06.874Z] >>> HTTP REQUEST POST https://firebasehosting.googleapis.com/v1beta1/sites/clilco/versions  
 {"config":{"rewrites":[{"glob":"**","path":"/index.html"}]},"labels":{"deployment-tool":"cli-firebase"}}
[debug] [2022-05-03T08:54:08.449Z] <<< HTTP RESPONSE 200 {"content-type":"application/json; charset=UTF-8","vary":"X-Origin, Referer, Origin,Accept-Encoding","date":"Tue, 03 May 2022 08:54:08 GMT","server":"ESF","cache-control":"private","x-xss-protection":"0","x-frame-options":"SAMEORIGIN","x-content-type-options":"nosniff","alt-svc":"h3=\":443\"; ma=2592000,h3-29=\":443\"; ma=2592000,h3-Q050=\":443\"; ma=2592000,h3-Q046=\":443\"; ma=2592000,h3-Q043=\":443\"; ma=2592000,quic=\":443\"; ma=2592000; v=\"46,43\"","accept-ranges":"none","transfer-encoding":"chunked"}
[info] i  hosting[clilco]: beginning deploy... 
[info] i  hosting[clilco]: found 34 files in build 
[debug] [2022-05-03T08:54:09.491Z] > refreshing access token with scopes: []
[debug] [2022-05-03T08:54:09.492Z] >>> HTTP REQUEST POST https://www.googleapis.com/oauth2/v3/token  
 <request body omitted>
[debug] [2022-05-03T08:54:09.493Z] [hosting] hash cache [YnVpbGQ] stored for 34 files
[debug] [2022-05-03T08:54:09.493Z] [hosting][hash queue][FINAL] {"max":1021,"min":20,"avg":84.26470588235294,"active":0,"complete":34,"success":34,"errored":0,"retried":0,"total":34,"elapsed":1028}
[debug] [2022-05-03T08:54:09.758Z] <<< HTTP RESPONSE 200 {"date":"Tue, 03 May 2022 08:54:09 GMT","pragma":"no-cache","cache-control":"no-cache, no-store, max-age=0, must-revalidate","expires":"Mon, 01 Jan 1990 00:00:00 GMT","content-type":"application/json; charset=utf-8","vary":"X-Origin, Referer, Origin,Accept-Encoding","server":"scaffolding on HTTPServer2","x-xss-protection":"0","x-frame-options":"SAMEORIGIN","x-content-type-options":"nosniff","alt-svc":"h3=\":443\"; ma=2592000,h3-29=\":443\"; ma=2592000,h3-Q050=\":443\"; ma=2592000,h3-Q046=\":443\"; ma=2592000,h3-Q043=\":443\"; ma=2592000,quic=\":443\"; ma=2592000; v=\"46,43\"","accept-ranges":"none","transfer-encoding":"chunked"}
[debug] [2022-05-03T08:54:09.803Z] >>> [apiv2][query] POST https://firebasehosting.googleapis.com/v1beta1/sites/clilco/versions/7c2a5d12f837c0b5:populateFiles [none]
[debug] [2022-05-03T08:54:09.803Z] >>> [apiv2][body] POST https://firebasehosting.googleapis.com/v1beta1/sites/clilco/versions/7c2a5d12f837c0b5:populateFiles {"files":{"/asset-manifest.json":"f5638ac75216d89912d8c3cdea9a80afbfcc9e3491a00bdf33980b74d71710ab","/index.html":"24bc11162a6e66bb15f5601591da6f0fcd8f432d564ea092394410ed4b83142d","/i18next/locales/en/translation.json":"6de653ad5962bea6910d554635652fff3c668a43fb4a8002c34b3c2e1eced81f","/i18next/locales/he/translation.json":"b969735de703b6a26ea585ff6551425083d267cbce7f07a1823c5ced8d68b365","/models/face_expression_model-weights_manifest.json":"df52db86fb2ada70853977504e3dfcd814976f6449ff74f4e2a3f769e4b4fac8","/models/face_landmark_68_model-weights_manifest.json":"3bb235120a950dd48e5b4be6b8c4b30b60b82ea294cd167d74d5b9d7f53d1ce7","/models/face_landmark_68_tiny_model-weights_manifest.json":"a9a6187f88e4396256e3b27cf6a489f3d885ee40d66e6e6f8bfe6635dd23f5d7","/static/js/787.6e83b4b7.chunk.js":"8341d20a9c4d378c8282657095e1d368d17f337373263666c59770921feafd07","/static/css/main.8bde8d84.css":"67abc7eebdaf96cc652b81a70a96ebffda25ecbbfbff84b828c6c6b1e1318e16","/models/face_recognition_model-weights_manifest.json":"d4ec6cbd7549a2587ea82fcdafb16b56fbd00a7eefdd5b726cc7c9d6d23e0317","/static/js/787.6e83b4b7.chunk.js.map":"5d2c54d50a3d135b836edabf3ac076c7857ceef58e9a8857258537caa8dbf781","/static/js/main.b6a38ea4.js.LICENSE.txt":"b186f31849803599df8218962c6da3fed3f9ee3df8584ac2c60c784e0deb99f6","/models/tiny_face_detector_model-weights_manifest.json":"40741256a69c3718ceeb70694b1ebb1c6d23f5e6dbf2d6f72030d39a95061e2c","/static/css/main.8bde8d84.css.map":"3212a838f536c9ebb1c4550bce73c40600077417631353a02130d5fdd10d8240","/static/media/getFetch.c780682470504fffbd04.cjs":"1d335b7be91b316b752f06cca47cb5220592acf04883e670af88ed91295fa67a","/static/media/slick.2630a3e3eab21c607e21.svg":"dfcaf4b122493a401fefdf30d8d0fa438d8c2eae8c71798fe6e08b32f91dc0ff","/static/media/slick.295183786cd8a1389865.woff":"fa7f9b78472ea626c47416d73657b92922ffce922767a9fdca149292d7eaeaf0","/static/media/slick.a4e97f5a2a64f0ab1323.eot":"dc31d29e9ef5bdc1431085372877e0506db7654d9706b8a31103838650ee708c","/static/media/slick.c94f7671dcc99dce43e2.ttf":"2b2567cc103eb4aeb14648aaa15fcd8363d375bbc1c4e7b5f036c187088805a2","/static/media/clilco_logo.b1bc6024f456298fb4b2.png":"dc236a45fac6fbad18d6878936677bd004e3c6fe782950deed48e163073aa62c","/static/media/loading.b2a8fa3d8baba9fc720f.gif":"4dd8ff313a6740eb79b0c030522e5e293578d51b5929519da77e49d5500fa807","/models/face_landmark_68_tiny_model-shard1":"9cf78dcc16c6061a7f7aab8b013a3ff35d31a8e3446117ceb9fcecf50c3120b6","/static/media/swipe_3.50920a1ff708eb5911f1.gif":"ee4137709ae0a58caf9457efd3cc5da2c5a54a2995a1d3dda5ac1b22d2786a53","/static/media/Facebook-icon.01087d6bcd1fd66371d3.png":"0c736bfbe598914542720f2e5275648f8a6da04f1d0c112b352c1788672efd4f","/models/tiny_face_detector_model-shard1":"a0125e5fa1fbfde8ad58d0de2b40b30dd5e0a987220711eee652fe9f5129e8de","/models/face_expression_model-shard1":"8e8f8767862358df794b399e5acebb16ca9f70c0ff9817308109274e9ae0d571","/static/media/email-icon.4000715857ee8005361e.png":"bd74351e108cc1619ea04836128a3214676cf51c91e6b4790aa7ceed1f640f1e","/models/face_landmark_68_model-shard1":"827e273ffebeff31f01efc2bc3b59ef6aec15ebf646e6cb81d897b29c0866576","/static/media/Google-play-icon.120fe75ccf86c2d8667c.png":"0aea893122af83b463e8da092f726194f61eb8c4ec87815661ab588893a6ae96","/static/media/apple-icon.eb7dd82581e1c5fe89eb.png":"7c97a40ec9e3b8fec444e8552c8788ddbb73160325b1dc6f38f93b7c4322164f","/static/js/main.b6a38ea4.js":"b19344e35b313e96c04c76e693dad4af24af56d4795ef6b1548cc3deef69d928","/models/face_recognition_model-shard1":"ac60354cad0601c827a09bc04343d23b9edd7e9c2d95259db4c88f91aa6aa3a0","/models/face_recognition_model-shard2":"1694ebe7d1cf1d79f9b5a64c8eb2a8f0f0396e469702368157cc8da995bbca10","/static/js/main.b6a38ea4.js.map":"4eadcd238c3dd192ad125cdf0dedb7df734c9114d14bed1f3c02ed1acd43d2ec"}}
[debug] [2022-05-03T08:54:11.108Z] <<< [apiv2][status] POST https://firebasehosting.googleapis.com/v1beta1/sites/clilco/versions/7c2a5d12f837c0b5:populateFiles 200
[debug] [2022-05-03T08:54:11.108Z] <<< [apiv2][body] POST https://firebasehosting.googleapis.com/v1beta1/sites/clilco/versions/7c2a5d12f837c0b5:populateFiles {"uploadRequiredHashes":["f5638ac75216d89912d8c3cdea9a80afbfcc9e3491a00bdf33980b74d71710ab","6de653ad5962bea6910d554635652fff3c668a43fb4a8002c34b3c2e1eced81f","67abc7eebdaf96cc652b81a70a96ebffda25ecbbfbff84b828c6c6b1e1318e16","4eadcd238c3dd192ad125cdf0dedb7df734c9114d14bed1f3c02ed1acd43d2ec","b19344e35b313e96c04c76e693dad4af24af56d4795ef6b1548cc3deef69d928","24bc11162a6e66bb15f5601591da6f0fcd8f432d564ea092394410ed4b83142d","3212a838f536c9ebb1c4550bce73c40600077417631353a02130d5fdd10d8240","b969735de703b6a26ea585ff6551425083d267cbce7f07a1823c5ced8d68b365"],"uploadUrl":"https://upload-firebasehosting.googleapis.com/upload/sites/clilco/versions/7c2a5d12f837c0b5/files"}
[debug] [2022-05-03T08:54:11.110Z] >>> [apiv2][query] POST https://upload-firebasehosting.googleapis.com/upload/sites/clilco/versions/7c2a5d12f837c0b5/files/f5638ac75216d89912d8c3cdea9a80afbfcc9e3491a00bdf33980b74d71710ab [none]
[debug] [2022-05-03T08:54:11.110Z] >>> [apiv2][body] POST https://upload-firebasehosting.googleapis.com/upload/sites/clilco/versions/7c2a5d12f837c0b5/files/f5638ac75216d89912d8c3cdea9a80afbfcc9e3491a00bdf33980b74d71710ab [stream]
[debug] [2022-05-03T08:54:11.112Z] >>> [apiv2][query] POST https://upload-firebasehosting.googleapis.com/upload/sites/clilco/versions/7c2a5d12f837c0b5/files/6de653ad5962bea6910d554635652fff3c668a43fb4a8002c34b3c2e1eced81f [none]
[debug] [2022-05-03T08:54:11.113Z] >>> [apiv2][body] POST https://upload-firebasehosting.googleapis.com/upload/sites/clilco/versions/7c2a5d12f837c0b5/files/6de653ad5962bea6910d554635652fff3c668a43fb4a8002c34b3c2e1eced81f [stream]
[debug] [2022-05-03T08:54:11.114Z] >>> [apiv2][query] POST https://upload-firebasehosting.googleapis.com/upload/sites/clilco/versions/7c2a5d12f837c0b5/files/67abc7eebdaf96cc652b81a70a96ebffda25ecbbfbff84b828c6c6b1e1318e16 [none]
[debug] [2022-05-03T08:54:11.114Z] >>> [apiv2][body] POST https://upload-firebasehosting.googleapis.com/upload/sites/clilco/versions/7c2a5d12f837c0b5/files/67abc7eebdaf96cc652b81a70a96ebffda25ecbbfbff84b828c6c6b1e1318e16 [stream]
[debug] [2022-05-03T08:54:11.116Z] >>> [apiv2][query] POST https://upload-firebasehosting.googleapis.com/upload/sites/clilco/versions/7c2a5d12f837c0b5/files/4eadcd238c3dd192ad125cdf0dedb7df734c9114d14bed1f3c02ed1acd43d2ec [none]
[debug] [2022-05-03T08:54:11.116Z] >>> [apiv2][body] POST https://upload-firebasehosting.googleapis.com/upload/sites/clilco/versions/7c2a5d12f837c0b5/files/4eadcd238c3dd192ad125cdf0dedb7df734c9114d14bed1f3c02ed1acd43d2ec [stream]
[debug] [2022-05-03T08:54:11.117Z] >>> [apiv2][query] POST https://upload-firebasehosting.googleapis.com/upload/sites/clilco/versions/7c2a5d12f837c0b5/files/b19344e35b313e96c04c76e693dad4af24af56d4795ef6b1548cc3deef69d928 [none]
[debug] [2022-05-03T08:54:11.117Z] >>> [apiv2][body] POST https://upload-firebasehosting.googleapis.com/upload/sites/clilco/versions/7c2a5d12f837c0b5/files/b19344e35b313e96c04c76e693dad4af24af56d4795ef6b1548cc3deef69d928 [stream]
[debug] [2022-05-03T08:54:11.119Z] >>> [apiv2][query] POST https://upload-firebasehosting.googleapis.com/upload/sites/clilco/versions/7c2a5d12f837c0b5/files/24bc11162a6e66bb15f5601591da6f0fcd8f432d564ea092394410ed4b83142d [none]
[debug] [2022-05-03T08:54:11.119Z] >>> [apiv2][body] POST https://upload-firebasehosting.googleapis.com/upload/sites/clilco/versions/7c2a5d12f837c0b5/files/24bc11162a6e66bb15f5601591da6f0fcd8f432d564ea092394410ed4b83142d [stream]
[debug] [2022-05-03T08:54:11.120Z] >>> [apiv2][query] POST https://upload-firebasehosting.googleapis.com/upload/sites/clilco/versions/7c2a5d12f837c0b5/files/3212a838f536c9ebb1c4550bce73c40600077417631353a02130d5fdd10d8240 [none]
[debug] [2022-05-03T08:54:11.120Z] >>> [apiv2][body] POST https://upload-firebasehosting.googleapis.com/upload/sites/clilco/versions/7c2a5d12f837c0b5/files/3212a838f536c9ebb1c4550bce73c40600077417631353a02130d5fdd10d8240 [stream]
[debug] [2022-05-03T08:54:11.121Z] >>> [apiv2][query] POST https://upload-firebasehosting.googleapis.com/upload/sites/clilco/versions/7c2a5d12f837c0b5/files/b969735de703b6a26ea585ff6551425083d267cbce7f07a1823c5ced8d68b365 [none]
[debug] [2022-05-03T08:54:11.121Z] >>> [apiv2][body] POST https://upload-firebasehosting.googleapis.com/upload/sites/clilco/versions/7c2a5d12f837c0b5/files/b969735de703b6a26ea585ff6551425083d267cbce7f07a1823c5ced8d68b365 [stream]
[debug] [2022-05-03T08:54:11.124Z] [hosting][populate queue][FINAL] {"max":1619,"min":1619,"avg":1619,"active":0,"complete":1,"success":1,"errored":0,"retried":0,"total":1,"elapsed":1633}
[debug] [2022-05-03T08:54:11.124Z] [hosting] uploads queued: 8
[debug] [2022-05-03T08:54:12.705Z] <<< [apiv2][status] POST https://upload-firebasehosting.googleapis.com/upload/sites/clilco/versions/7c2a5d12f837c0b5/files/67abc7eebdaf96cc652b81a70a96ebffda25ecbbfbff84b828c6c6b1e1318e16 200
[debug] [2022-05-03T08:54:12.705Z] <<< [apiv2][body] POST https://upload-firebasehosting.googleapis.com/upload/sites/clilco/versions/7c2a5d12f837c0b5/files/67abc7eebdaf96cc652b81a70a96ebffda25ecbbfbff84b828c6c6b1e1318e16 [stream]
[debug] [2022-05-03T08:54:12.757Z] <<< [apiv2][status] POST https://upload-firebasehosting.googleapis.com/upload/sites/clilco/versions/7c2a5d12f837c0b5/files/3212a838f536c9ebb1c4550bce73c40600077417631353a02130d5fdd10d8240 200
[debug] [2022-05-03T08:54:12.757Z] <<< [apiv2][body] POST https://upload-firebasehosting.googleapis.com/upload/sites/clilco/versions/7c2a5d12f837c0b5/files/3212a838f536c9ebb1c4550bce73c40600077417631353a02130d5fdd10d8240 [stream]
[debug] [2022-05-03T08:54:12.758Z] <<< [apiv2][status] POST https://upload-firebasehosting.googleapis.com/upload/sites/clilco/versions/7c2a5d12f837c0b5/files/f5638ac75216d89912d8c3cdea9a80afbfcc9e3491a00bdf33980b74d71710ab 200
[debug] [2022-05-03T08:54:12.758Z] <<< [apiv2][body] POST https://upload-firebasehosting.googleapis.com/upload/sites/clilco/versions/7c2a5d12f837c0b5/files/f5638ac75216d89912d8c3cdea9a80afbfcc9e3491a00bdf33980b74d71710ab [stream]
[debug] [2022-05-03T08:54:13.055Z] <<< [apiv2][status] POST https://upload-firebasehosting.googleapis.com/upload/sites/clilco/versions/7c2a5d12f837c0b5/files/24bc11162a6e66bb15f5601591da6f0fcd8f432d564ea092394410ed4b83142d 200
[debug] [2022-05-03T08:54:13.055Z] <<< [apiv2][body] POST https://upload-firebasehosting.googleapis.com/upload/sites/clilco/versions/7c2a5d12f837c0b5/files/24bc11162a6e66bb15f5601591da6f0fcd8f432d564ea092394410ed4b83142d [stream]
[debug] [2022-05-03T08:54:13.057Z] <<< [apiv2][status] POST https://upload-firebasehosting.googleapis.com/upload/sites/clilco/versions/7c2a5d12f837c0b5/files/b969735de703b6a26ea585ff6551425083d267cbce7f07a1823c5ced8d68b365 200
[debug] [2022-05-03T08:54:13.058Z] <<< [apiv2][body] POST https://upload-firebasehosting.googleapis.com/upload/sites/clilco/versions/7c2a5d12f837c0b5/files/b969735de703b6a26ea585ff6551425083d267cbce7f07a1823c5ced8d68b365 [stream]
[debug] [2022-05-03T08:54:13.059Z] <<< [apiv2][status] POST https://upload-firebasehosting.googleapis.com/upload/sites/clilco/versions/7c2a5d12f837c0b5/files/6de653ad5962bea6910d554635652fff3c668a43fb4a8002c34b3c2e1eced81f 200
[debug] [2022-05-03T08:54:13.059Z] <<< [apiv2][body] POST https://upload-firebasehosting.googleapis.com/upload/sites/clilco/versions/7c2a5d12f837c0b5/files/6de653ad5962bea6910d554635652fff3c668a43fb4a8002c34b3c2e1eced81f [stream]
[debug] [2022-05-03T08:54:25.027Z] <<< [apiv2][status] POST https://upload-firebasehosting.googleapis.com/upload/sites/clilco/versions/7c2a5d12f837c0b5/files/b19344e35b313e96c04c76e693dad4af24af56d4795ef6b1548cc3deef69d928 200
[debug] [2022-05-03T08:54:25.027Z] <<< [apiv2][body] POST https://upload-firebasehosting.googleapis.com/upload/sites/clilco/versions/7c2a5d12f837c0b5/files/b19344e35b313e96c04c76e693dad4af24af56d4795ef6b1548cc3deef69d928 [stream]
